1476796356591
1476796356623
{ '198aMn6ZYAczwrE5NvNTUMyJ5qkfy4g3Hi': 8000.00236957,
  '1KME4EZZhybYnQkoNUqzMjHE5ER8fzRax8': 50,
  '1FactomGnNFTsTVx8jiGjcLKDpyL65GDsH': 31.99443399,
  '1NodJ53hw6m8w2wDcBeZJfKHaCXoB76GmA': 0,
  '1NoddZZp9wkcPBREr8CNUJ9DEcsbacnXkU': 0,
  '1NodWq6bG9W7Zf7ztW9Ca9gopFRcowBwRK': 0,
  '1Nod82VkxCAkqiTWiyLnS6uGTEn4Xg5RnU': 0,
  '1NodJtpTR6NvMdiMaVr5ENcyZ2Eqjis43a': 0,
  '1NodE4Hr3janaWG3whdmX1AixnBoyvk7qT': 0,
  '1K842eE27LLA21tqjzGxXCQfdQwT9eCgwS': 0.02243629,
  '14WGHfRDK7yTdATBaqbYjBxAhXStqdrMh1': 12.34732644,
  '16GmLHt7H7bDrJT6e1JQKxpRE5PFGMkBWB': 0.01008925,
  '1NodWgdehE12ByaLTCepvspMNfsV41vxGb': 0,
  '1NodCvQHzfF7XXMbCKDdQCAgD2AKeDtgbQ': 0,
  '1NodoSopGpMAHCL8PVyYJNvFZt6gebV2uo': 0,
  '1NodSiBB9UEHcRjD1JNT4MaTg6KWoXuTFC': 0,
  '1NodV64xtcC3tqAZYsWYTWeT9rXZAesEZ4': 0,
  '1NodYrdE2LX7ZVphgC73cqzFiUqg8An3SX': 0,
  '1NodRcdTANTdm99k6NZ4e3WuoVHugma4jV': 0,
  '1NodZ5BaFjrGTysCwWf5Mb8N6JaX5UbJew': 0,
  '1NodjcDZMXsnDkSQJVSnpD5ss35VdN19A8': 0,
  '1NodmYPjk9zfcZ8qdTKC12Cgs3jT3Tcpjq': 0,
  '1NodfEPN9UB6fr1vX9Pq1fb2pDjRBirCyg': 0,
  '1NodU6Q9KmGr93ESzoKBFgVeU4oDnshd2t': 0,
  '1Nodv7kUtMKgWy7iC3RbA7XaUTf9jhNbxF': 0,
  '1NodxdmUs2NVrWNvdyFr7TuooRVWsp7Hv3': 0 }
[ '198aMn6ZYAczwrE5NvNTUMyJ5qkfy4g3Hi',
  '1KME4EZZhybYnQkoNUqzMjHE5ER8fzRax8',
  '1FactomGnNFTsTVx8jiGjcLKDpyL65GDsH',
  '1NodJ53hw6m8w2wDcBeZJfKHaCXoB76GmA',
  '1NoddZZp9wkcPBREr8CNUJ9DEcsbacnXkU',
  '1NodWq6bG9W7Zf7ztW9Ca9gopFRcowBwRK',
  '1Nod82VkxCAkqiTWiyLnS6uGTEn4Xg5RnU',
  '1NodJtpTR6NvMdiMaVr5ENcyZ2Eqjis43a',
  '1NodE4Hr3janaWG3whdmX1AixnBoyvk7qT',
  '1K842eE27LLA21tqjzGxXCQfdQwT9eCgwS',
  '14WGHfRDK7yTdATBaqbYjBxAhXStqdrMh1',
  '16GmLHt7H7bDrJT6e1JQKxpRE5PFGMkBWB',
  '1NodWgdehE12ByaLTCepvspMNfsV41vxGb',
  '1NodCvQHzfF7XXMbCKDdQCAgD2AKeDtgbQ',
  '1NodoSopGpMAHCL8PVyYJNvFZt6gebV2uo',
  '1NodSiBB9UEHcRjD1JNT4MaTg6KWoXuTFC',
  '1NodV64xtcC3tqAZYsWYTWeT9rXZAesEZ4',
  '1NodYrdE2LX7ZVphgC73cqzFiUqg8An3SX',
  '1NodRcdTANTdm99k6NZ4e3WuoVHugma4jV',
  '1NodZ5BaFjrGTysCwWf5Mb8N6JaX5UbJew',
  '1NodjcDZMXsnDkSQJVSnpD5ss35VdN19A8',
  '1NodmYPjk9zfcZ8qdTKC12Cgs3jT3Tcpjq',
  '1NodfEPN9UB6fr1vX9Pq1fb2pDjRBirCyg',
  '1NodU6Q9KmGr93ESzoKBFgVeU4oDnshd2t',
  '1Nodv7kUtMKgWy7iC3RbA7XaUTf9jhNbxF',
  '1NodxdmUs2NVrWNvdyFr7TuooRVWsp7Hv3' ]
[ 'http://btc.blockr.io/api/v1/address/info/198aMn6ZYAczwrE5NvNTUMyJ5qkfy4g3Hi,1KME4EZZhybYnQkoNUqzMjHE5ER8fzRax8,1FactomGnNFTsTVx8jiGjcLKDpyL65GDsH,1NodJ53hw6m8w2wDcBeZJfKHaCXoB76GmA,1NoddZZp9wkcPBREr8CNUJ9DEcsbacnXkU,1NodWq6bG9W7Zf7ztW9Ca9gopFRcowBwRK,1Nod82VkxCAkqiTWiyLnS6uGTEn4Xg5RnU,1NodJtpTR6NvMdiMaVr5ENcyZ2Eqjis43a,1NodE4Hr3janaWG3whdmX1AixnBoyvk7qT,1K842eE27LLA21tqjzGxXCQfdQwT9eCgwS,14WGHfRDK7yTdATBaqbYjBxAhXStqdrMh1,16GmLHt7H7bDrJT6e1JQKxpRE5PFGMkBWB,1NodWgdehE12ByaLTCepvspMNfsV41vxGb,1NodCvQHzfF7XXMbCKDdQCAgD2AKeDtgbQ,1NodoSopGpMAHCL8PVyYJNvFZt6gebV2uo,1NodSiBB9UEHcRjD1JNT4MaTg6KWoXuTFC,1NodV64xtcC3tqAZYsWYTWeT9rXZAesEZ4,1NodYrdE2LX7ZVphgC73cqzFiUqg8An3SX,1NodRcdTANTdm99k6NZ4e3WuoVHugma4jV,1NodZ5BaFjrGTysCwWf5Mb8N6JaX5UbJew,1NodjcDZMXsnDkSQJVSnpD5ss35VdN19A8,1NodmYPjk9zfcZ8qdTKC12Cgs3jT3Tcpjq,1NodfEPN9UB6fr1vX9Pq1fb2pDjRBirCyg,1NodU6Q9KmGr93ESzoKBFgVeU4oDnshd2t,1Nodv7kUtMKgWy7iC3RbA7XaUTf9jhNbxF,1NodxdmUs2NVrWNvdyFr7TuooRVWsp7Hv3' ]
null
1476796416597
1476796416636
{ '198aMn6ZYAczwrE5NvNTUMyJ5qkfy4g3Hi': 8000.00236957,
  '1KME4EZZhybYnQkoNUqzMjHE5ER8fzRax8': 50,
  '1FactomGnNFTsTVx8jiGjcLKDpyL65GDsH': 31.99443399,
  '1NodJ53hw6m8w2wDcBeZJfKHaCXoB76GmA': 0,
  '1NoddZZp9wkcPBREr8CNUJ9DEcsbacnXkU': 0,
  '1NodWq6bG9W7Zf7ztW9Ca9gopFRcowBwRK': 0,
  '1Nod82VkxCAkqiTWiyLnS6uGTEn4Xg5RnU': 0,
  '1NodJtpTR6NvMdiMaVr5ENcyZ2Eqjis43a': 0,
  '1NodE4Hr3janaWG3whdmX1AixnBoyvk7qT': 0,
  '1K842eE27LLA21tqjzGxXCQfdQwT9eCgwS': 0.02243629,
  '14WGHfRDK7yTdATBaqbYjBxAhXStqdrMh1': 12.34732644,
  '16GmLHt7H7bDrJT6e1JQKxpRE5PFGMkBWB': 0.01008925,
  '1NodWgdehE12ByaLTCepvspMNfsV41vxGb': 0,
  '1NodCvQHzfF7XXMbCKDdQCAgD2AKeDtgbQ': 0,
  '1NodoSopGpMAHCL8PVyYJNvFZt6gebV2uo': 0,
  '1NodSiBB9UEHcRjD1JNT4MaTg6KWoXuTFC': 0,
  '1NodV64xtcC3tqAZYsWYTWeT9rXZAesEZ4': 0,
  '1NodYrdE2LX7ZVphgC73cqzFiUqg8An3SX': 0,
  '1NodRcdTANTdm99k6NZ4e3WuoVHugma4jV': 0,
  '1NodZ5BaFjrGTysCwWf5Mb8N6JaX5UbJew': 0,
  '1NodjcDZMXsnDkSQJVSnpD5ss35VdN19A8': 0,
  '1NodmYPjk9zfcZ8qdTKC12Cgs3jT3Tcpjq': 0,
  '1NodfEPN9UB6fr1vX9Pq1fb2pDjRBirCyg': 0,
  '1NodU6Q9KmGr93ESzoKBFgVeU4oDnshd2t': 0,
  '1Nodv7kUtMKgWy7iC3RbA7XaUTf9jhNbxF': 0,
  '1NodxdmUs2NVrWNvdyFr7TuooRVWsp7Hv3': 0 }
[ '198aMn6ZYAczwrE5NvNTUMyJ5qkfy4g3Hi',
  '1KME4EZZhybYnQkoNUqzMjHE5ER8fzRax8',
  '1FactomGnNFTsTVx8jiGjcLKDpyL65GDsH',
  '1NodJ53hw6m8w2wDcBeZJfKHaCXoB76GmA',
  '1NoddZZp9wkcPBREr8CNUJ9DEcsbacnXkU',
  '1NodWq6bG9W7Zf7ztW9Ca9gopFRcowBwRK',
  '1Nod82VkxCAkqiTWiyLnS6uGTEn4Xg5RnU',
  '1NodJtpTR6NvMdiMaVr5ENcyZ2Eqjis43a',
  '1NodE4Hr3janaWG3whdmX1AixnBoyvk7qT',
  '1K842eE27LLA21tqjzGxXCQfdQwT9eCgwS',
  '14WGHfRDK7yTdATBaqbYjBxAhXStqdrMh1',
  '16GmLHt7H7bDrJT6e1JQKxpRE5PFGMkBWB',
  '1NodWgdehE12ByaLTCepvspMNfsV41vxGb',
  '1NodCvQHzfF7XXMbCKDdQCAgD2AKeDtgbQ',
  '1NodoSopGpMAHCL8PVyYJNvFZt6gebV2uo',
  '1NodSiBB9UEHcRjD1JNT4MaTg6KWoXuTFC',
  '1NodV64xtcC3tqAZYsWYTWeT9rXZAesEZ4',
  '1NodYrdE2LX7ZVphgC73cqzFiUqg8An3SX',
  '1NodRcdTANTdm99k6NZ4e3WuoVHugma4jV',
  '1NodZ5BaFjrGTysCwWf5Mb8N6JaX5UbJew',
  '1NodjcDZMXsnDkSQJVSnpD5ss35VdN19A8',
  '1NodmYPjk9zfcZ8qdTKC12Cgs3jT3Tcpjq',
  '1NodfEPN9UB6fr1vX9Pq1fb2pDjRBirCyg',
  '1NodU6Q9KmGr93ESzoKBFgVeU4oDnshd2t',
  '1Nodv7kUtMKgWy7iC3RbA7XaUTf9jhNbxF',
  '1NodxdmUs2NVrWNvdyFr7TuooRVWsp7Hv3' ]
[ 'http://btc.blockr.io/api/v1/address/info/198aMn6ZYAczwrE5NvNTUMyJ5qkfy4g3Hi,1KME4EZZhybYnQkoNUqzMjHE5ER8fzRax8,1FactomGnNFTsTVx8jiGjcLKDpyL65GDsH,1NodJ53hw6m8w2wDcBeZJfKHaCXoB76GmA,1NoddZZp9wkcPBREr8CNUJ9DEcsbacnXkU,1NodWq6bG9W7Zf7ztW9Ca9gopFRcowBwRK,1Nod82VkxCAkqiTWiyLnS6uGTEn4Xg5RnU,1NodJtpTR6NvMdiMaVr5ENcyZ2Eqjis43a,1NodE4Hr3janaWG3whdmX1AixnBoyvk7qT,1K842eE27LLA21tqjzGxXCQfdQwT9eCgwS,14WGHfRDK7yTdATBaqbYjBxAhXStqdrMh1,16GmLHt7H7bDrJT6e1JQKxpRE5PFGMkBWB,1NodWgdehE12ByaLTCepvspMNfsV41vxGb,1NodCvQHzfF7XXMbCKDdQCAgD2AKeDtgbQ,1NodoSopGpMAHCL8PVyYJNvFZt6gebV2uo,1NodSiBB9UEHcRjD1JNT4MaTg6KWoXuTFC,1NodV64xtcC3tqAZYsWYTWeT9rXZAesEZ4,1NodYrdE2LX7ZVphgC73cqzFiUqg8An3SX,1NodRcdTANTdm99k6NZ4e3WuoVHugma4jV,1NodZ5BaFjrGTysCwWf5Mb8N6JaX5UbJew,1NodjcDZMXsnDkSQJVSnpD5ss35VdN19A8,1NodmYPjk9zfcZ8qdTKC12Cgs3jT3Tcpjq,1NodfEPN9UB6fr1vX9Pq1fb2pDjRBirCyg,1NodU6Q9KmGr93ESzoKBFgVeU4oDnshd2t,1Nodv7kUtMKgWy7iC3RbA7XaUTf9jhNbxF,1NodxdmUs2NVrWNvdyFr7TuooRVWsp7Hv3' ]
null
1476796476594
1476796476633
{ '198aMn6ZYAczwrE5NvNTUMyJ5qkfy4g3Hi': 8000.00236957,
  '1KME4EZZhybYnQkoNUqzMjHE5ER8fzRax8': 50,
  '1FactomGnNFTsTVx8jiGjcLKDpyL65GDsH': 31.99443399,
  '1NodJ53hw6m8w2wDcBeZJfKHaCXoB76GmA': 0,
  '1NoddZZp9wkcPBREr8CNUJ9DEcsbacnXkU': 0,
  '1NodWq6bG9W7Zf7ztW9Ca9gopFRcowBwRK': 0,
  '1Nod82VkxCAkqiTWiyLnS6uGTEn4Xg5RnU': 0,
  '1NodJtpTR6NvMdiMaVr5ENcyZ2Eqjis43a': 0,
  '1NodE4Hr3janaWG3whdmX1AixnBoyvk7qT': 0,
  '1K842eE27LLA21tqjzGxXCQfdQwT9eCgwS': 0.02243629,
  '14WGHfRDK7yTdATBaqbYjBxAhXStqdrMh1': 12.34732644,
  '16GmLHt7H7bDrJT6e1JQKxpRE5PFGMkBWB': 0.01008925,
  '1NodWgdehE12ByaLTCepvspMNfsV41vxGb': 0,
  '1NodCvQHzfF7XXMbCKDdQCAgD2AKeDtgbQ': 0,
  '1NodoSopGpMAHCL8PVyYJNvFZt6gebV2uo': 0,
  '1NodSiBB9UEHcRjD1JNT4MaTg6KWoXuTFC': 0,
  '1NodV64xtcC3tqAZYsWYTWeT9rXZAesEZ4': 0,
  '1NodYrdE2LX7ZVphgC73cqzFiUqg8An3SX': 0,
  '1NodRcdTANTdm99k6NZ4e3WuoVHugma4jV': 0,
  '1NodZ5BaFjrGTysCwWf5Mb8N6JaX5UbJew': 0,
  '1NodjcDZMXsnDkSQJVSnpD5ss35VdN19A8': 0,
  '1NodmYPjk9zfcZ8qdTKC12Cgs3jT3Tcpjq': 0,
  '1NodfEPN9UB6fr1vX9Pq1fb2pDjRBirCyg': 0,
  '1NodU6Q9KmGr93ESzoKBFgVeU4oDnshd2t': 0,
  '1Nodv7kUtMKgWy7iC3RbA7XaUTf9jhNbxF': 0,
  '1NodxdmUs2NVrWNvdyFr7TuooRVWsp7Hv3': 0 }
[ '198aMn6ZYAczwrE5NvNTUMyJ5qkfy4g3Hi',
  '1KME4EZZhybYnQkoNUqzMjHE5ER8fzRax8',
  '1FactomGnNFTsTVx8jiGjcLKDpyL65GDsH',
  '1NodJ53hw6m8w2wDcBeZJfKHaCXoB76GmA',
  '1NoddZZp9wkcPBREr8CNUJ9DEcsbacnXkU',
  '1NodWq6bG9W7Zf7ztW9Ca9gopFRcowBwRK',
  '1Nod82VkxCAkqiTWiyLnS6uGTEn4Xg5RnU',
  '1NodJtpTR6NvMdiMaVr5ENcyZ2Eqjis43a',
  '1NodE4Hr3janaWG3whdmX1AixnBoyvk7qT',
  '1K842eE27LLA21tqjzGxXCQfdQwT9eCgwS',
  '14WGHfRDK7yTdATBaqbYjBxAhXStqdrMh1',
  '16GmLHt7H7bDrJT6e1JQKxpRE5PFGMkBWB',
  '1NodWgdehE12ByaLTCepvspMNfsV41vxGb',
  '1NodCvQHzfF7XXMbCKDdQCAgD2AKeDtgbQ',
  '1NodoSopGpMAHCL8PVyYJNvFZt6gebV2uo',
  '1NodSiBB9UEHcRjD1JNT4MaTg6KWoXuTFC',
  '1NodV64xtcC3tqAZYsWYTWeT9rXZAesEZ4',
  '1NodYrdE2LX7ZVphgC73cqzFiUqg8An3SX',
  '1NodRcdTANTdm99k6NZ4e3WuoVHugma4jV',
  '1NodZ5BaFjrGTysCwWf5Mb8N6JaX5UbJew',
  '1NodjcDZMXsnDkSQJVSnpD5ss35VdN19A8',
  '1NodmYPjk9zfcZ8qdTKC12Cgs3jT3Tcpjq',
  '1NodfEPN9UB6fr1vX9Pq1fb2pDjRBirCyg',
  '1NodU6Q9KmGr93ESzoKBFgVeU4oDnshd2t',
  '1Nodv7kUtMKgWy7iC3RbA7XaUTf9jhNbxF',
  '1NodxdmUs2NVrWNvdyFr7TuooRVWsp7Hv3' ]
[ 'http://btc.blockr.io/api/v1/address/info/198aMn6ZYAczwrE5NvNTUMyJ5qkfy4g3Hi,1KME4EZZhybYnQkoNUqzMjHE5ER8fzRax8,1FactomGnNFTsTVx8jiGjcLKDpyL65GDsH,1NodJ53hw6m8w2wDcBeZJfKHaCXoB76GmA,1NoddZZp9wkcPBREr8CNUJ9DEcsbacnXkU,1NodWq6bG9W7Zf7ztW9Ca9gopFRcowBwRK,1Nod82VkxCAkqiTWiyLnS6uGTEn4Xg5RnU,1NodJtpTR6NvMdiMaVr5ENcyZ2Eqjis43a,1NodE4Hr3janaWG3whdmX1AixnBoyvk7qT,1K842eE27LLA21tqjzGxXCQfdQwT9eCgwS,14WGHfRDK7yTdATBaqbYjBxAhXStqdrMh1,16GmLHt7H7bDrJT6e1JQKxpRE5PFGMkBWB,1NodWgdehE12ByaLTCepvspMNfsV41vxGb,1NodCvQHzfF7XXMbCKDdQCAgD2AKeDtgbQ,1NodoSopGpMAHCL8PVyYJNvFZt6gebV2uo,1NodSiBB9UEHcRjD1JNT4MaTg6KWoXuTFC,1NodV64xtcC3tqAZYsWYTWeT9rXZAesEZ4,1NodYrdE2LX7ZVphgC73cqzFiUqg8An3SX,1NodRcdTANTdm99k6NZ4e3WuoVHugma4jV,1NodZ5BaFjrGTysCwWf5Mb8N6JaX5UbJew,1NodjcDZMXsnDkSQJVSnpD5ss35VdN19A8,1NodmYPjk9zfcZ8qdTKC12Cgs3jT3Tcpjq,1NodfEPN9UB6fr1vX9Pq1fb2pDjRBirCyg,1NodU6Q9KmGr93ESzoKBFgVeU4oDnshd2t,1Nodv7kUtMKgWy7iC3RbA7XaUTf9jhNbxF,1NodxdmUs2NVrWNvdyFr7TuooRVWsp7Hv3' ]
null
1476796536599
1476796536630
{ '198aMn6ZYAczwrE5NvNTUMyJ5qkfy4g3Hi': 8000.00236957,
  '1KME4EZZhybYnQkoNUqzMjHE5ER8fzRax8': 50,
  '1FactomGnNFTsTVx8jiGjcLKDpyL65GDsH': 31.99443399,
  '1NodJ53hw6m8w2wDcBeZJfKHaCXoB76GmA': 0,
  '1NoddZZp9wkcPBREr8CNUJ9DEcsbacnXkU': 0,
  '1NodWq6bG9W7Zf7ztW9Ca9gopFRcowBwRK': 0,
  '1Nod82VkxCAkqiTWiyLnS6uGTEn4Xg5RnU': 0,
  '1NodJtpTR6NvMdiMaVr5ENcyZ2Eqjis43a': 0,
  '1NodE4Hr3janaWG3whdmX1AixnBoyvk7qT': 0,
  '1K842eE27LLA21tqjzGxXCQfdQwT9eCgwS': 0.02243629,
  '14WGHfRDK7yTdATBaqbYjBxAhXStqdrMh1': 12.34732644,
  '16GmLHt7H7bDrJT6e1JQKxpRE5PFGMkBWB': 0.01008925,
  '1NodWgdehE12ByaLTCepvspMNfsV41vxGb': 0,
  '1NodCvQHzfF7XXMbCKDdQCAgD2AKeDtgbQ': 0,
  '1NodoSopGpMAHCL8PVyYJNvFZt6gebV2uo': 0,
  '1NodSiBB9UEHcRjD1JNT4MaTg6KWoXuTFC': 0,
  '1NodV64xtcC3tqAZYsWYTWeT9rXZAesEZ4': 0,
  '1NodYrdE2LX7ZVphgC73cqzFiUqg8An3SX': 0,
  '1NodRcdTANTdm99k6NZ4e3WuoVHugma4jV': 0,
  '1NodZ5BaFjrGTysCwWf5Mb8N6JaX5UbJew': 0,
  '1NodjcDZMXsnDkSQJVSnpD5ss35VdN19A8': 0,
  '1NodmYPjk9zfcZ8qdTKC12Cgs3jT3Tcpjq': 0,
  '1NodfEPN9UB6fr1vX9Pq1fb2pDjRBirCyg': 0,
  '1NodU6Q9KmGr93ESzoKBFgVeU4oDnshd2t': 0,
  '1Nodv7kUtMKgWy7iC3RbA7XaUTf9jhNbxF': 0,
  '1NodxdmUs2NVrWNvdyFr7TuooRVWsp7Hv3': 0 }
[ '198aMn6ZYAczwrE5NvNTUMyJ5qkfy4g3Hi',
  '1KME4EZZhybYnQkoNUqzMjHE5ER8fzRax8',
  '1FactomGnNFTsTVx8jiGjcLKDpyL65GDsH',
  '1NodJ53hw6m8w2wDcBeZJfKHaCXoB76GmA',
  '1NoddZZp9wkcPBREr8CNUJ9DEcsbacnXkU',
  '1NodWq6bG9W7Zf7ztW9Ca9gopFRcowBwRK',
  '1Nod82VkxCAkqiTWiyLnS6uGTEn4Xg5RnU',
  '1NodJtpTR6NvMdiMaVr5ENcyZ2Eqjis43a',
  '1NodE4Hr3janaWG3whdmX1AixnBoyvk7qT',
  '1K842eE27LLA21tqjzGxXCQfdQwT9eCgwS',
  '14WGHfRDK7yTdATBaqbYjBxAhXStqdrMh1',
  '16GmLHt7H7bDrJT6e1JQKxpRE5PFGMkBWB',
  '1NodWgdehE12ByaLTCepvspMNfsV41vxGb',
  '1NodCvQHzfF7XXMbCKDdQCAgD2AKeDtgbQ',
  '1NodoSopGpMAHCL8PVyYJNvFZt6gebV2uo',
  '1NodSiBB9UEHcRjD1JNT4MaTg6KWoXuTFC',
  '1NodV64xtcC3tqAZYsWYTWeT9rXZAesEZ4',
  '1NodYrdE2LX7ZVphgC73cqzFiUqg8An3SX',
  '1NodRcdTANTdm99k6NZ4e3WuoVHugma4jV',
  '1NodZ5BaFjrGTysCwWf5Mb8N6JaX5UbJew',
  '1NodjcDZMXsnDkSQJVSnpD5ss35VdN19A8',
  '1NodmYPjk9zfcZ8qdTKC12Cgs3jT3Tcpjq',
  '1NodfEPN9UB6fr1vX9Pq1fb2pDjRBirCyg',
  '1NodU6Q9KmGr93ESzoKBFgVeU4oDnshd2t',
  '1Nodv7kUtMKgWy7iC3RbA7XaUTf9jhNbxF',
  '1NodxdmUs2NVrWNvdyFr7TuooRVWsp7Hv3' ]
[ 'http://btc.blockr.io/api/v1/address/info/198aMn6ZYAczwrE5NvNTUMyJ5qkfy4g3Hi,1KME4EZZhybYnQkoNUqzMjHE5ER8fzRax8,1FactomGnNFTsTVx8jiGjcLKDpyL65GDsH,1NodJ53hw6m8w2wDcBeZJfKHaCXoB76GmA,1NoddZZp9wkcPBREr8CNUJ9DEcsbacnXkU,1NodWq6bG9W7Zf7ztW9Ca9gopFRcowBwRK,1Nod82VkxCAkqiTWiyLnS6uGTEn4Xg5RnU,1NodJtpTR6NvMdiMaVr5ENcyZ2Eqjis43a,1NodE4Hr3janaWG3whdmX1AixnBoyvk7qT,1K842eE27LLA21tqjzGxXCQfdQwT9eCgwS,14WGHfRDK7yTdATBaqbYjBxAhXStqdrMh1,16GmLHt7H7bDrJT6e1JQKxpRE5PFGMkBWB,1NodWgdehE12ByaLTCepvspMNfsV41vxGb,1NodCvQHzfF7XXMbCKDdQCAgD2AKeDtgbQ,1NodoSopGpMAHCL8PVyYJNvFZt6gebV2uo,1NodSiBB9UEHcRjD1JNT4MaTg6KWoXuTFC,1NodV64xtcC3tqAZYsWYTWeT9rXZAesEZ4,1NodYrdE2LX7ZVphgC73cqzFiUqg8An3SX,1NodRcdTANTdm99k6NZ4e3WuoVHugma4jV,1NodZ5BaFjrGTysCwWf5Mb8N6JaX5UbJew,1NodjcDZMXsnDkSQJVSnpD5ss35VdN19A8,1NodmYPjk9zfcZ8qdTKC12Cgs3jT3Tcpjq,1NodfEPN9UB6fr1vX9Pq1fb2pDjRBirCyg,1NodU6Q9KmGr93ESzoKBFgVeU4oDnshd2t,1Nodv7kUtMKgWy7iC3RbA7XaUTf9jhNbxF,1NodxdmUs2NVrWNvdyFr7TuooRVWsp7Hv3' ]
null
1476796596602
1476796596640
{ '198aMn6ZYAczwrE5NvNTUMyJ5qkfy4g3Hi': 8000.00236957,
  '1KME4EZZhybYnQkoNUqzMjHE5ER8fzRax8': 50,
  '1FactomGnNFTsTVx8jiGjcLKDpyL65GDsH': 31.99443399,
  '1NodJ53hw6m8w2wDcBeZJfKHaCXoB76GmA': 0,
  '1NoddZZp9wkcPBREr8CNUJ9DEcsbacnXkU': 0,
  '1NodWq6bG9W7Zf7ztW9Ca9gopFRcowBwRK': 0,
  '1Nod82VkxCAkqiTWiyLnS6uGTEn4Xg5RnU': 0,
  '1NodJtpTR6NvMdiMaVr5ENcyZ2Eqjis43a': 0,
  '1NodE4Hr3janaWG3whdmX1AixnBoyvk7qT': 0,
  '1K842eE27LLA21tqjzGxXCQfdQwT9eCgwS': 0.02243629,
  '14WGHfRDK7yTdATBaqbYjBxAhXStqdrMh1': 12.34732644,
  '16GmLHt7H7bDrJT6e1JQKxpRE5PFGMkBWB': 0.01008925,
  '1NodWgdehE12ByaLTCepvspMNfsV41vxGb': 0,
  '1NodCvQHzfF7XXMbCKDdQCAgD2AKeDtgbQ': 0,
  '1NodoSopGpMAHCL8PVyYJNvFZt6gebV2uo': 0,
  '1NodSiBB9UEHcRjD1JNT4MaTg6KWoXuTFC': 0,
  '1NodV64xtcC3tqAZYsWYTWeT9rXZAesEZ4': 0,
  '1NodYrdE2LX7ZVphgC73cqzFiUqg8An3SX': 0,
  '1NodRcdTANTdm99k6NZ4e3WuoVHugma4jV': 0,
  '1NodZ5BaFjrGTysCwWf5Mb8N6JaX5UbJew': 0,
  '1NodjcDZMXsnDkSQJVSnpD5ss35VdN19A8': 0,
  '1NodmYPjk9zfcZ8qdTKC12Cgs3jT3Tcpjq': 0,
  '1NodfEPN9UB6fr1vX9Pq1fb2pDjRBirCyg': 0,
  '1NodU6Q9KmGr93ESzoKBFgVeU4oDnshd2t': 0,
  '1Nodv7kUtMKgWy7iC3RbA7XaUTf9jhNbxF': 0,
  '1NodxdmUs2NVrWNvdyFr7TuooRVWsp7Hv3': 0 }
[ '198aMn6ZYAczwrE5NvNTUMyJ5qkfy4g3Hi',
  '1KME4EZZhybYnQkoNUqzMjHE5ER8fzRax8',
  '1FactomGnNFTsTVx8jiGjcLKDpyL65GDsH',
  '1NodJ53hw6m8w2wDcBeZJfKHaCXoB76GmA',
  '1NoddZZp9wkcPBREr8CNUJ9DEcsbacnXkU',
  '1NodWq6bG9W7Zf7ztW9Ca9gopFRcowBwRK',
  '1Nod82VkxCAkqiTWiyLnS6uGTEn4Xg5RnU',
  '1NodJtpTR6NvMdiMaVr5ENcyZ2Eqjis43a',
  '1NodE4Hr3janaWG3whdmX1AixnBoyvk7qT',
  '1K842eE27LLA21tqjzGxXCQfdQwT9eCgwS',
  '14WGHfRDK7yTdATBaqbYjBxAhXStqdrMh1',
  '16GmLHt7H7bDrJT6e1JQKxpRE5PFGMkBWB',
  '1NodWgdehE12ByaLTCepvspMNfsV41vxGb',
  '1NodCvQHzfF7XXMbCKDdQCAgD2AKeDtgbQ',
  '1NodoSopGpMAHCL8PVyYJNvFZt6gebV2uo',
  '1NodSiBB9UEHcRjD1JNT4MaTg6KWoXuTFC',
  '1NodV64xtcC3tqAZYsWYTWeT9rXZAesEZ4',
  '1NodYrdE2LX7ZVphgC73cqzFiUqg8An3SX',
  '1NodRcdTANTdm99k6NZ4e3WuoVHugma4jV',
  '1NodZ5BaFjrGTysCwWf5Mb8N6JaX5UbJew',
  '1NodjcDZMXsnDkSQJVSnpD5ss35VdN19A8',
  '1NodmYPjk9zfcZ8qdTKC12Cgs3jT3Tcpjq',
  '1NodfEPN9UB6fr1vX9Pq1fb2pDjRBirCyg',
  '1NodU6Q9KmGr93ESzoKBFgVeU4oDnshd2t',
  '1Nodv7kUtMKgWy7iC3RbA7XaUTf9jhNbxF',
  '1NodxdmUs2NVrWNvdyFr7TuooRVWsp7Hv3' ]
[ 'http://btc.blockr.io/api/v1/address/info/198aMn6ZYAczwrE5NvNTUMyJ5qkfy4g3Hi,1KME4EZZhybYnQkoNUqzMjHE5ER8fzRax8,1FactomGnNFTsTVx8jiGjcLKDpyL65GDsH,1NodJ53hw6m8w2wDcBeZJfKHaCXoB76GmA,1NoddZZp9wkcPBREr8CNUJ9DEcsbacnXkU,1NodWq6bG9W7Zf7ztW9Ca9gopFRcowBwRK,1Nod82VkxCAkqiTWiyLnS6uGTEn4Xg5RnU,1NodJtpTR6NvMdiMaVr5ENcyZ2Eqjis43a,1NodE4Hr3janaWG3whdmX1AixnBoyvk7qT,1K842eE27LLA21tqjzGxXCQfdQwT9eCgwS,14WGHfRDK7yTdATBaqbYjBxAhXStqdrMh1,16GmLHt7H7bDrJT6e1JQKxpRE5PFGMkBWB,1NodWgdehE12ByaLTCepvspMNfsV41vxGb,1NodCvQHzfF7XXMbCKDdQCAgD2AKeDtgbQ,1NodoSopGpMAHCL8PVyYJNvFZt6gebV2uo,1NodSiBB9UEHcRjD1JNT4MaTg6KWoXuTFC,1NodV64xtcC3tqAZYsWYTWeT9rXZAesEZ4,1NodYrdE2LX7ZVphgC73cqzFiUqg8An3SX,1NodRcdTANTdm99k6NZ4e3WuoVHugma4jV,1NodZ5BaFjrGTysCwWf5Mb8N6JaX5UbJew,1NodjcDZMXsnDkSQJVSnpD5ss35VdN19A8,1NodmYPjk9zfcZ8qdTKC12Cgs3jT3Tcpjq,1NodfEPN9UB6fr1vX9Pq1fb2pDjRBirCyg,1NodU6Q9KmGr93ESzoKBFgVeU4oDnshd2t,1Nodv7kUtMKgWy7iC3RbA7XaUTf9jhNbxF,1NodxdmUs2NVrWNvdyFr7TuooRVWsp7Hv3' ]
null
1476796656604
1476796656639
{ '198aMn6ZYAczwrE5NvNTUMyJ5qkfy4g3Hi': 8000.00236957,
  '1KME4EZZhybYnQkoNUqzMjHE5ER8fzRax8': 50,
  '1FactomGnNFTsTVx8jiGjcLKDpyL65GDsH': 31.99443399,
  '1NodJ53hw6m8w2wDcBeZJfKHaCXoB76GmA': 0,
  '1NoddZZp9wkcPBREr8CNUJ9DEcsbacnXkU': 0,
  '1NodWq6bG9W7Zf7ztW9Ca9gopFRcowBwRK': 0,
  '1Nod82VkxCAkqiTWiyLnS6uGTEn4Xg5RnU': 0,
  '1NodJtpTR6NvMdiMaVr5ENcyZ2Eqjis43a': 0,
  '1NodE4Hr3janaWG3whdmX1AixnBoyvk7qT': 0,
  '1K842eE27LLA21tqjzGxXCQfdQwT9eCgwS': 0.02243629,
  '14WGHfRDK7yTdATBaqbYjBxAhXStqdrMh1': 12.34732644,
  '16GmLHt7H7bDrJT6e1JQKxpRE5PFGMkBWB': 0.01008925,
  '1NodWgdehE12ByaLTCepvspMNfsV41vxGb': 0,
  '1NodCvQHzfF7XXMbCKDdQCAgD2AKeDtgbQ': 0,
  '1NodoSopGpMAHCL8PVyYJNvFZt6gebV2uo': 0,
  '1NodSiBB9UEHcRjD1JNT4MaTg6KWoXuTFC': 0,
  '1NodV64xtcC3tqAZYsWYTWeT9rXZAesEZ4': 0,
  '1NodYrdE2LX7ZVphgC73cqzFiUqg8An3SX': 0,
  '1NodRcdTANTdm99k6NZ4e3WuoVHugma4jV': 0,
  '1NodZ5BaFjrGTysCwWf5Mb8N6JaX5UbJew': 0,
  '1NodjcDZMXsnDkSQJVSnpD5ss35VdN19A8': 0,
  '1NodmYPjk9zfcZ8qdTKC12Cgs3jT3Tcpjq': 0,
  '1NodfEPN9UB6fr1vX9Pq1fb2pDjRBirCyg': 0,
  '1NodU6Q9KmGr93ESzoKBFgVeU4oDnshd2t': 0,
  '1Nodv7kUtMKgWy7iC3RbA7XaUTf9jhNbxF': 0,
  '1NodxdmUs2NVrWNvdyFr7TuooRVWsp7Hv3': 0 }
[ '198aMn6ZYAczwrE5NvNTUMyJ5qkfy4g3Hi',
  '1KME4EZZhybYnQkoNUqzMjHE5ER8fzRax8',
  '1FactomGnNFTsTVx8jiGjcLKDpyL65GDsH',
  '1NodJ53hw6m8w2wDcBeZJfKHaCXoB76GmA',
  '1NoddZZp9wkcPBREr8CNUJ9DEcsbacnXkU',
  '1NodWq6bG9W7Zf7ztW9Ca9gopFRcowBwRK',
  '1Nod82VkxCAkqiTWiyLnS6uGTEn4Xg5RnU',
  '1NodJtpTR6NvMdiMaVr5ENcyZ2Eqjis43a',
  '1NodE4Hr3janaWG3whdmX1AixnBoyvk7qT',
  '1K842eE27LLA21tqjzGxXCQfdQwT9eCgwS',
  '14WGHfRDK7yTdATBaqbYjBxAhXStqdrMh1',
  '16GmLHt7H7bDrJT6e1JQKxpRE5PFGMkBWB',
  '1NodWgdehE12ByaLTCepvspMNfsV41vxGb',
  '1NodCvQHzfF7XXMbCKDdQCAgD2AKeDtgbQ',
  '1NodoSopGpMAHCL8PVyYJNvFZt6gebV2uo',
  '1NodSiBB9UEHcRjD1JNT4MaTg6KWoXuTFC',
  '1NodV64xtcC3tqAZYsWYTWeT9rXZAesEZ4',
  '1NodYrdE2LX7ZVphgC73cqzFiUqg8An3SX',
  '1NodRcdTANTdm99k6NZ4e3WuoVHugma4jV',
  '1NodZ5BaFjrGTysCwWf5Mb8N6JaX5UbJew',
  '1NodjcDZMXsnDkSQJVSnpD5ss35VdN19A8',
  '1NodmYPjk9zfcZ8qdTKC12Cgs3jT3Tcpjq',
  '1NodfEPN9UB6fr1vX9Pq1fb2pDjRBirCyg',
  '1NodU6Q9KmGr93ESzoKBFgVeU4oDnshd2t',
  '1Nodv7kUtMKgWy7iC3RbA7XaUTf9jhNbxF',
  '1NodxdmUs2NVrWNvdyFr7TuooRVWsp7Hv3' ]
[ 'http://btc.blockr.io/api/v1/address/info/198aMn6ZYAczwrE5NvNTUMyJ5qkfy4g3Hi,1KME4EZZhybYnQkoNUqzMjHE5ER8fzRax8,1FactomGnNFTsTVx8jiGjcLKDpyL65GDsH,1NodJ53hw6m8w2wDcBeZJfKHaCXoB76GmA,1NoddZZp9wkcPBREr8CNUJ9DEcsbacnXkU,1NodWq6bG9W7Zf7ztW9Ca9gopFRcowBwRK,1Nod82VkxCAkqiTWiyLnS6uGTEn4Xg5RnU,1NodJtpTR6NvMdiMaVr5ENcyZ2Eqjis43a,1NodE4Hr3janaWG3whdmX1AixnBoyvk7qT,1K842eE27LLA21tqjzGxXCQfdQwT9eCgwS,14WGHfRDK7yTdATBaqbYjBxAhXStqdrMh1,16GmLHt7H7bDrJT6e1JQKxpRE5PFGMkBWB,1NodWgdehE12ByaLTCepvspMNfsV41vxGb,1NodCvQHzfF7XXMbCKDdQCAgD2AKeDtgbQ,1NodoSopGpMAHCL8PVyYJNvFZt6gebV2uo,1NodSiBB9UEHcRjD1JNT4MaTg6KWoXuTFC,1NodV64xtcC3tqAZYsWYTWeT9rXZAesEZ4,1NodYrdE2LX7ZVphgC73cqzFiUqg8An3SX,1NodRcdTANTdm99k6NZ4e3WuoVHugma4jV,1NodZ5BaFjrGTysCwWf5Mb8N6JaX5UbJew,1NodjcDZMXsnDkSQJVSnpD5ss35VdN19A8,1NodmYPjk9zfcZ8qdTKC12Cgs3jT3Tcpjq,1NodfEPN9UB6fr1vX9Pq1fb2pDjRBirCyg,1NodU6Q9KmGr93ESzoKBFgVeU4oDnshd2t,1Nodv7kUtMKgWy7iC3RbA7XaUTf9jhNbxF,1NodxdmUs2NVrWNvdyFr7TuooRVWsp7Hv3' ]
null
1476796716613
1476796716642
{ '198aMn6ZYAczwrE5NvNTUMyJ5qkfy4g3Hi': 8000.00236957,
  '1KME4EZZhybYnQkoNUqzMjHE5ER8fzRax8': 50,
  '1FactomGnNFTsTVx8jiGjcLKDpyL65GDsH': 31.99443399,
  '1NodJ53hw6m8w2wDcBeZJfKHaCXoB76GmA': 0,
  '1NoddZZp9wkcPBREr8CNUJ9DEcsbacnXkU': 0,
  '1NodWq6bG9W7Zf7ztW9Ca9gopFRcowBwRK': 0,
  '1Nod82VkxCAkqiTWiyLnS6uGTEn4Xg5RnU': 0,
  '1NodJtpTR6NvMdiMaVr5ENcyZ2Eqjis43a': 0,
  '1NodE4Hr3janaWG3whdmX1AixnBoyvk7qT': 0,
  '1K842eE27LLA21tqjzGxXCQfdQwT9eCgwS': 0.02243629,
  '14WGHfRDK7yTdATBaqbYjBxAhXStqdrMh1': 12.34732644,
  '16GmLHt7H7bDrJT6e1JQKxpRE5PFGMkBWB': 0.01008925,
  '1NodWgdehE12ByaLTCepvspMNfsV41vxGb': 0,
  '1NodCvQHzfF7XXMbCKDdQCAgD2AKeDtgbQ': 0,
  '1NodoSopGpMAHCL8PVyYJNvFZt6gebV2uo': 0,
  '1NodSiBB9UEHcRjD1JNT4MaTg6KWoXuTFC': 0,
  '1NodV64xtcC3tqAZYsWYTWeT9rXZAesEZ4': 0,
  '1NodYrdE2LX7ZVphgC73cqzFiUqg8An3SX': 0,
  '1NodRcdTANTdm99k6NZ4e3WuoVHugma4jV': 0,
  '1NodZ5BaFjrGTysCwWf5Mb8N6JaX5UbJew': 0,
  '1NodjcDZMXsnDkSQJVSnpD5ss35VdN19A8': 0,
  '1NodmYPjk9zfcZ8qdTKC12Cgs3jT3Tcpjq': 0,
  '1NodfEPN9UB6fr1vX9Pq1fb2pDjRBirCyg': 0,
  '1NodU6Q9KmGr93ESzoKBFgVeU4oDnshd2t': 0,
  '1Nodv7kUtMKgWy7iC3RbA7XaUTf9jhNbxF': 0,
  '1NodxdmUs2NVrWNvdyFr7TuooRVWsp7Hv3': 0 }
[ '198aMn6ZYAczwrE5NvNTUMyJ5qkfy4g3Hi',
  '1KME4EZZhybYnQkoNUqzMjHE5ER8fzRax8',
  '1FactomGnNFTsTVx8jiGjcLKDpyL65GDsH',
  '1NodJ53hw6m8w2wDcBeZJfKHaCXoB76GmA',
  '1NoddZZp9wkcPBREr8CNUJ9DEcsbacnXkU',
  '1NodWq6bG9W7Zf7ztW9Ca9gopFRcowBwRK',
  '1Nod82VkxCAkqiTWiyLnS6uGTEn4Xg5RnU',
  '1NodJtpTR6NvMdiMaVr5ENcyZ2Eqjis43a',
  '1NodE4Hr3janaWG3whdmX1AixnBoyvk7qT',
  '1K842eE27LLA21tqjzGxXCQfdQwT9eCgwS',
  '14WGHfRDK7yTdATBaqbYjBxAhXStqdrMh1',
  '16GmLHt7H7bDrJT6e1JQKxpRE5PFGMkBWB',
  '1NodWgdehE12ByaLTCepvspMNfsV41vxGb',
  '1NodCvQHzfF7XXMbCKDdQCAgD2AKeDtgbQ',
  '1NodoSopGpMAHCL8PVyYJNvFZt6gebV2uo',
  '1NodSiBB9UEHcRjD1JNT4MaTg6KWoXuTFC',
  '1NodV64xtcC3tqAZYsWYTWeT9rXZAesEZ4',
  '1NodYrdE2LX7ZVphgC73cqzFiUqg8An3SX',
  '1NodRcdTANTdm99k6NZ4e3WuoVHugma4jV',
  '1NodZ5BaFjrGTysCwWf5Mb8N6JaX5UbJew',
  '1NodjcDZMXsnDkSQJVSnpD5ss35VdN19A8',
  '1NodmYPjk9zfcZ8qdTKC12Cgs3jT3Tcpjq',
  '1NodfEPN9UB6fr1vX9Pq1fb2pDjRBirCyg',
  '1NodU6Q9KmGr93ESzoKBFgVeU4oDnshd2t',
  '1Nodv7kUtMKgWy7iC3RbA7XaUTf9jhNbxF',
  '1NodxdmUs2NVrWNvdyFr7TuooRVWsp7Hv3' ]
[ 'http://btc.blockr.io/api/v1/address/info/198aMn6ZYAczwrE5NvNTUMyJ5qkfy4g3Hi,1KME4EZZhybYnQkoNUqzMjHE5ER8fzRax8,1FactomGnNFTsTVx8jiGjcLKDpyL65GDsH,1NodJ53hw6m8w2wDcBeZJfKHaCXoB76GmA,1NoddZZp9wkcPBREr8CNUJ9DEcsbacnXkU,1NodWq6bG9W7Zf7ztW9Ca9gopFRcowBwRK,1Nod82VkxCAkqiTWiyLnS6uGTEn4Xg5RnU,1NodJtpTR6NvMdiMaVr5ENcyZ2Eqjis43a,1NodE4Hr3janaWG3whdmX1AixnBoyvk7qT,1K842eE27LLA21tqjzGxXCQfdQwT9eCgwS,14WGHfRDK7yTdATBaqbYjBxAhXStqdrMh1,16GmLHt7H7bDrJT6e1JQKxpRE5PFGMkBWB,1NodWgdehE12ByaLTCepvspMNfsV41vxGb,1NodCvQHzfF7XXMbCKDdQCAgD2AKeDtgbQ,1NodoSopGpMAHCL8PVyYJNvFZt6gebV2uo,1NodSiBB9UEHcRjD1JNT4MaTg6KWoXuTFC,1NodV64xtcC3tqAZYsWYTWeT9rXZAesEZ4,1NodYrdE2LX7ZVphgC73cqzFiUqg8An3SX,1NodRcdTANTdm99k6NZ4e3WuoVHugma4jV,1NodZ5BaFjrGTysCwWf5Mb8N6JaX5UbJew,1NodjcDZMXsnDkSQJVSnpD5ss35VdN19A8,1NodmYPjk9zfcZ8qdTKC12Cgs3jT3Tcpjq,1NodfEPN9UB6fr1vX9Pq1fb2pDjRBirCyg,1NodU6Q9KmGr93ESzoKBFgVeU4oDnshd2t,1Nodv7kUtMKgWy7iC3RbA7XaUTf9jhNbxF,1NodxdmUs2NVrWNvdyFr7TuooRVWsp7Hv3' ]
null
1476796776612
1476796776630
{ '198aMn6ZYAczwrE5NvNTUMyJ5qkfy4g3Hi': 8000.00236957,
  '1KME4EZZhybYnQkoNUqzMjHE5ER8fzRax8': 50,
  '1FactomGnNFTsTVx8jiGjcLKDpyL65GDsH': 31.99443399,
  '1NodJ53hw6m8w2wDcBeZJfKHaCXoB76GmA': 0,
  '1NoddZZp9wkcPBREr8CNUJ9DEcsbacnXkU': 0,
  '1NodWq6bG9W7Zf7ztW9Ca9gopFRcowBwRK': 0,
  '1Nod82VkxCAkqiTWiyLnS6uGTEn4Xg5RnU': 0,
  '1NodJtpTR6NvMdiMaVr5ENcyZ2Eqjis43a': 0,
  '1NodE4Hr3janaWG3whdmX1AixnBoyvk7qT': 0,
  '1K842eE27LLA21tqjzGxXCQfdQwT9eCgwS': 0.02243629,
  '14WGHfRDK7yTdATBaqbYjBxAhXStqdrMh1': 12.34732644,
  '16GmLHt7H7bDrJT6e1JQKxpRE5PFGMkBWB': 0.01008925,
  '1NodWgdehE12ByaLTCepvspMNfsV41vxGb': 0,
  '1NodCvQHzfF7XXMbCKDdQCAgD2AKeDtgbQ': 0,
  '1NodoSopGpMAHCL8PVyYJNvFZt6gebV2uo': 0,
  '1NodSiBB9UEHcRjD1JNT4MaTg6KWoXuTFC': 0,
  '1NodV64xtcC3tqAZYsWYTWeT9rXZAesEZ4': 0,
  '1NodYrdE2LX7ZVphgC73cqzFiUqg8An3SX': 0,
  '1NodRcdTANTdm99k6NZ4e3WuoVHugma4jV': 0,
  '1NodZ5BaFjrGTysCwWf5Mb8N6JaX5UbJew': 0,
  '1NodjcDZMXsnDkSQJVSnpD5ss35VdN19A8': 0,
  '1NodmYPjk9zfcZ8qdTKC12Cgs3jT3Tcpjq': 0,
  '1NodfEPN9UB6fr1vX9Pq1fb2pDjRBirCyg': 0,
  '1NodU6Q9KmGr93ESzoKBFgVeU4oDnshd2t': 0,
  '1Nodv7kUtMKgWy7iC3RbA7XaUTf9jhNbxF': 0,
  '1NodxdmUs2NVrWNvdyFr7TuooRVWsp7Hv3': 0 }
[ '198aMn6ZYAczwrE5NvNTUMyJ5qkfy4g3Hi',
  '1KME4EZZhybYnQkoNUqzMjHE5ER8fzRax8',
  '1FactomGnNFTsTVx8jiGjcLKDpyL65GDsH',
  '1NodJ53hw6m8w2wDcBeZJfKHaCXoB76GmA',
  '1NoddZZp9wkcPBREr8CNUJ9DEcsbacnXkU',
  '1NodWq6bG9W7Zf7ztW9Ca9gopFRcowBwRK',
  '1Nod82VkxCAkqiTWiyLnS6uGTEn4Xg5RnU',
  '1NodJtpTR6NvMdiMaVr5ENcyZ2Eqjis43a',
  '1NodE4Hr3janaWG3whdmX1AixnBoyvk7qT',
  '1K842eE27LLA21tqjzGxXCQfdQwT9eCgwS',
  '14WGHfRDK7yTdATBaqbYjBxAhXStqdrMh1',
  '16GmLHt7H7bDrJT6e1JQKxpRE5PFGMkBWB',
  '1NodWgdehE12ByaLTCepvspMNfsV41vxGb',
  '1NodCvQHzfF7XXMbCKDdQCAgD2AKeDtgbQ',
  '1NodoSopGpMAHCL8PVyYJNvFZt6gebV2uo',
  '1NodSiBB9UEHcRjD1JNT4MaTg6KWoXuTFC',
  '1NodV64xtcC3tqAZYsWYTWeT9rXZAesEZ4',
  '1NodYrdE2LX7ZVphgC73cqzFiUqg8An3SX',
  '1NodRcdTANTdm99k6NZ4e3WuoVHugma4jV',
  '1NodZ5BaFjrGTysCwWf5Mb8N6JaX5UbJew',
  '1NodjcDZMXsnDkSQJVSnpD5ss35VdN19A8',
  '1NodmYPjk9zfcZ8qdTKC12Cgs3jT3Tcpjq',
  '1NodfEPN9UB6fr1vX9Pq1fb2pDjRBirCyg',
  '1NodU6Q9KmGr93ESzoKBFgVeU4oDnshd2t',
  '1Nodv7kUtMKgWy7iC3RbA7XaUTf9jhNbxF',
  '1NodxdmUs2NVrWNvdyFr7TuooRVWsp7Hv3' ]
[ 'http://btc.blockr.io/api/v1/address/info/198aMn6ZYAczwrE5NvNTUMyJ5qkfy4g3Hi,1KME4EZZhybYnQkoNUqzMjHE5ER8fzRax8,1FactomGnNFTsTVx8jiGjcLKDpyL65GDsH,1NodJ53hw6m8w2wDcBeZJfKHaCXoB76GmA,1NoddZZp9wkcPBREr8CNUJ9DEcsbacnXkU,1NodWq6bG9W7Zf7ztW9Ca9gopFRcowBwRK,1Nod82VkxCAkqiTWiyLnS6uGTEn4Xg5RnU,1NodJtpTR6NvMdiMaVr5ENcyZ2Eqjis43a,1NodE4Hr3janaWG3whdmX1AixnBoyvk7qT,1K842eE27LLA21tqjzGxXCQfdQwT9eCgwS,14WGHfRDK7yTdATBaqbYjBxAhXStqdrMh1,16GmLHt7H7bDrJT6e1JQKxpRE5PFGMkBWB,1NodWgdehE12ByaLTCepvspMNfsV41vxGb,1NodCvQHzfF7XXMbCKDdQCAgD2AKeDtgbQ,1NodoSopGpMAHCL8PVyYJNvFZt6gebV2uo,1NodSiBB9UEHcRjD1JNT4MaTg6KWoXuTFC,1NodV64xtcC3tqAZYsWYTWeT9rXZAesEZ4,1NodYrdE2LX7ZVphgC73cqzFiUqg8An3SX,1NodRcdTANTdm99k6NZ4e3WuoVHugma4jV,1NodZ5BaFjrGTysCwWf5Mb8N6JaX5UbJew,1NodjcDZMXsnDkSQJVSnpD5ss35VdN19A8,1NodmYPjk9zfcZ8qdTKC12Cgs3jT3Tcpjq,1NodfEPN9UB6fr1vX9Pq1fb2pDjRBirCyg,1NodU6Q9KmGr93ESzoKBFgVeU4oDnshd2t,1Nodv7kUtMKgWy7iC3RbA7XaUTf9jhNbxF,1NodxdmUs2NVrWNvdyFr7TuooRVWsp7Hv3' ]
null
1476796836612
1476796836635
{ '198aMn6ZYAczwrE5NvNTUMyJ5qkfy4g3Hi': 8000.00236957,
  '1KME4EZZhybYnQkoNUqzMjHE5ER8fzRax8': 50,
  '1FactomGnNFTsTVx8jiGjcLKDpyL65GDsH': 31.99443399,
  '1NodJ53hw6m8w2wDcBeZJfKHaCXoB76GmA': 0,
  '1NoddZZp9wkcPBREr8CNUJ9DEcsbacnXkU': 0,
  '1NodWq6bG9W7Zf7ztW9Ca9gopFRcowBwRK': 0,
  '1Nod82VkxCAkqiTWiyLnS6uGTEn4Xg5RnU': 0,
  '1NodJtpTR6NvMdiMaVr5ENcyZ2Eqjis43a': 0,
  '1NodE4Hr3janaWG3whdmX1AixnBoyvk7qT': 0,
  '1K842eE27LLA21tqjzGxXCQfdQwT9eCgwS': 0.02243629,
  '14WGHfRDK7yTdATBaqbYjBxAhXStqdrMh1': 12.34732644,
  '16GmLHt7H7bDrJT6e1JQKxpRE5PFGMkBWB': 0.01008925,
  '1NodWgdehE12ByaLTCepvspMNfsV41vxGb': 0,
  '1NodCvQHzfF7XXMbCKDdQCAgD2AKeDtgbQ': 0,
  '1NodoSopGpMAHCL8PVyYJNvFZt6gebV2uo': 0,
  '1NodSiBB9UEHcRjD1JNT4MaTg6KWoXuTFC': 0,
  '1NodV64xtcC3tqAZYsWYTWeT9rXZAesEZ4': 0,
  '1NodYrdE2LX7ZVphgC73cqzFiUqg8An3SX': 0,
  '1NodRcdTANTdm99k6NZ4e3WuoVHugma4jV': 0,
  '1NodZ5BaFjrGTysCwWf5Mb8N6JaX5UbJew': 0,
  '1NodjcDZMXsnDkSQJVSnpD5ss35VdN19A8': 0,
  '1NodmYPjk9zfcZ8qdTKC12Cgs3jT3Tcpjq': 0,
  '1NodfEPN9UB6fr1vX9Pq1fb2pDjRBirCyg': 0,
  '1NodU6Q9KmGr93ESzoKBFgVeU4oDnshd2t': 0,
  '1Nodv7kUtMKgWy7iC3RbA7XaUTf9jhNbxF': 0,
  '1NodxdmUs2NVrWNvdyFr7TuooRVWsp7Hv3': 0 }
[ '198aMn6ZYAczwrE5NvNTUMyJ5qkfy4g3Hi',
  '1KME4EZZhybYnQkoNUqzMjHE5ER8fzRax8',
  '1FactomGnNFTsTVx8jiGjcLKDpyL65GDsH',
  '1NodJ53hw6m8w2wDcBeZJfKHaCXoB76GmA',
  '1NoddZZp9wkcPBREr8CNUJ9DEcsbacnXkU',
  '1NodWq6bG9W7Zf7ztW9Ca9gopFRcowBwRK',
  '1Nod82VkxCAkqiTWiyLnS6uGTEn4Xg5RnU',
  '1NodJtpTR6NvMdiMaVr5ENcyZ2Eqjis43a',
  '1NodE4Hr3janaWG3whdmX1AixnBoyvk7qT',
  '1K842eE27LLA21tqjzGxXCQfdQwT9eCgwS',
  '14WGHfRDK7yTdATBaqbYjBxAhXStqdrMh1',
  '16GmLHt7H7bDrJT6e1JQKxpRE5PFGMkBWB',
  '1NodWgdehE12ByaLTCepvspMNfsV41vxGb',
  '1NodCvQHzfF7XXMbCKDdQCAgD2AKeDtgbQ',
  '1NodoSopGpMAHCL8PVyYJNvFZt6gebV2uo',
  '1NodSiBB9UEHcRjD1JNT4MaTg6KWoXuTFC',
  '1NodV64xtcC3tqAZYsWYTWeT9rXZAesEZ4',
  '1NodYrdE2LX7ZVphgC73cqzFiUqg8An3SX',
  '1NodRcdTANTdm99k6NZ4e3WuoVHugma4jV',
  '1NodZ5BaFjrGTysCwWf5Mb8N6JaX5UbJew',
  '1NodjcDZMXsnDkSQJVSnpD5ss35VdN19A8',
  '1NodmYPjk9zfcZ8qdTKC12Cgs3jT3Tcpjq',
  '1NodfEPN9UB6fr1vX9Pq1fb2pDjRBirCyg',
  '1NodU6Q9KmGr93ESzoKBFgVeU4oDnshd2t',
  '1Nodv7kUtMKgWy7iC3RbA7XaUTf9jhNbxF',
  '1NodxdmUs2NVrWNvdyFr7TuooRVWsp7Hv3' ]
[ 'http://btc.blockr.io/api/v1/address/info/198aMn6ZYAczwrE5NvNTUMyJ5qkfy4g3Hi,1KME4EZZhybYnQkoNUqzMjHE5ER8fzRax8,1FactomGnNFTsTVx8jiGjcLKDpyL65GDsH,1NodJ53hw6m8w2wDcBeZJfKHaCXoB76GmA,1NoddZZp9wkcPBREr8CNUJ9DEcsbacnXkU,1NodWq6bG9W7Zf7ztW9Ca9gopFRcowBwRK,1Nod82VkxCAkqiTWiyLnS6uGTEn4Xg5RnU,1NodJtpTR6NvMdiMaVr5ENcyZ2Eqjis43a,1NodE4Hr3janaWG3whdmX1AixnBoyvk7qT,1K842eE27LLA21tqjzGxXCQfdQwT9eCgwS,14WGHfRDK7yTdATBaqbYjBxAhXStqdrMh1,16GmLHt7H7bDrJT6e1JQKxpRE5PFGMkBWB,1NodWgdehE12ByaLTCepvspMNfsV41vxGb,1NodCvQHzfF7XXMbCKDdQCAgD2AKeDtgbQ,1NodoSopGpMAHCL8PVyYJNvFZt6gebV2uo,1NodSiBB9UEHcRjD1JNT4MaTg6KWoXuTFC,1NodV64xtcC3tqAZYsWYTWeT9rXZAesEZ4,1NodYrdE2LX7ZVphgC73cqzFiUqg8An3SX,1NodRcdTANTdm99k6NZ4e3WuoVHugma4jV,1NodZ5BaFjrGTysCwWf5Mb8N6JaX5UbJew,1NodjcDZMXsnDkSQJVSnpD5ss35VdN19A8,1NodmYPjk9zfcZ8qdTKC12Cgs3jT3Tcpjq,1NodfEPN9UB6fr1vX9Pq1fb2pDjRBirCyg,1NodU6Q9KmGr93ESzoKBFgVeU4oDnshd2t,1Nodv7kUtMKgWy7iC3RbA7XaUTf9jhNbxF,1NodxdmUs2NVrWNvdyFr7TuooRVWsp7Hv3' ]
null
1476796896619
1476796896655
{ '198aMn6ZYAczwrE5NvNTUMyJ5qkfy4g3Hi': 8000.00236957,
  '1KME4EZZhybYnQkoNUqzMjHE5ER8fzRax8': 50,
  '1FactomGnNFTsTVx8jiGjcLKDpyL65GDsH': 31.99443399,
  '1NodJ53hw6m8w2wDcBeZJfKHaCXoB76GmA': 0,
  '1NoddZZp9wkcPBREr8CNUJ9DEcsbacnXkU': 0,
  '1NodWq6bG9W7Zf7ztW9Ca9gopFRcowBwRK': 0,
  '1Nod82VkxCAkqiTWiyLnS6uGTEn4Xg5RnU': 0,
  '1NodJtpTR6NvMdiMaVr5ENcyZ2Eqjis43a': 0,
  '1NodE4Hr3janaWG3whdmX1AixnBoyvk7qT': 0,
  '1K842eE27LLA21tqjzGxXCQfdQwT9eCgwS': 0.02243629,
  '14WGHfRDK7yTdATBaqbYjBxAhXStqdrMh1': 12.34732644,
  '16GmLHt7H7bDrJT6e1JQKxpRE5PFGMkBWB': 0.01008925,
  '1NodWgdehE12ByaLTCepvspMNfsV41vxGb': 0,
  '1NodCvQHzfF7XXMbCKDdQCAgD2AKeDtgbQ': 0,
  '1NodoSopGpMAHCL8PVyYJNvFZt6gebV2uo': 0,
  '1NodSiBB9UEHcRjD1JNT4MaTg6KWoXuTFC': 0,
  '1NodV64xtcC3tqAZYsWYTWeT9rXZAesEZ4': 0,
  '1NodYrdE2LX7ZVphgC73cqzFiUqg8An3SX': 0,
  '1NodRcdTANTdm99k6NZ4e3WuoVHugma4jV': 0,
  '1NodZ5BaFjrGTysCwWf5Mb8N6JaX5UbJew': 0,
  '1NodjcDZMXsnDkSQJVSnpD5ss35VdN19A8': 0,
  '1NodmYPjk9zfcZ8qdTKC12Cgs3jT3Tcpjq': 0,
  '1NodfEPN9UB6fr1vX9Pq1fb2pDjRBirCyg': 0,
  '1NodU6Q9KmGr93ESzoKBFgVeU4oDnshd2t': 0,
  '1Nodv7kUtMKgWy7iC3RbA7XaUTf9jhNbxF': 0,
  '1NodxdmUs2NVrWNvdyFr7TuooRVWsp7Hv3': 0 }
[ '198aMn6ZYAczwrE5NvNTUMyJ5qkfy4g3Hi',
  '1KME4EZZhybYnQkoNUqzMjHE5ER8fzRax8',
  '1FactomGnNFTsTVx8jiGjcLKDpyL65GDsH',
  '1NodJ53hw6m8w2wDcBeZJfKHaCXoB76GmA',
  '1NoddZZp9wkcPBREr8CNUJ9DEcsbacnXkU',
  '1NodWq6bG9W7Zf7ztW9Ca9gopFRcowBwRK',
  '1Nod82VkxCAkqiTWiyLnS6uGTEn4Xg5RnU',
  '1NodJtpTR6NvMdiMaVr5ENcyZ2Eqjis43a',
  '1NodE4Hr3janaWG3whdmX1AixnBoyvk7qT',
  '1K842eE27LLA21tqjzGxXCQfdQwT9eCgwS',
  '14WGHfRDK7yTdATBaqbYjBxAhXStqdrMh1',
  '16GmLHt7H7bDrJT6e1JQKxpRE5PFGMkBWB',
  '1NodWgdehE12ByaLTCepvspMNfsV41vxGb',
  '1NodCvQHzfF7XXMbCKDdQCAgD2AKeDtgbQ',
  '1NodoSopGpMAHCL8PVyYJNvFZt6gebV2uo',
  '1NodSiBB9UEHcRjD1JNT4MaTg6KWoXuTFC',
  '1NodV64xtcC3tqAZYsWYTWeT9rXZAesEZ4',
  '1NodYrdE2LX7ZVphgC73cqzFiUqg8An3SX',
  '1NodRcdTANTdm99k6NZ4e3WuoVHugma4jV',
  '1NodZ5BaFjrGTysCwWf5Mb8N6JaX5UbJew',
  '1NodjcDZMXsnDkSQJVSnpD5ss35VdN19A8',
  '1NodmYPjk9zfcZ8qdTKC12Cgs3jT3Tcpjq',
  '1NodfEPN9UB6fr1vX9Pq1fb2pDjRBirCyg',
  '1NodU6Q9KmGr93ESzoKBFgVeU4oDnshd2t',
  '1Nodv7kUtMKgWy7iC3RbA7XaUTf9jhNbxF',
  '1NodxdmUs2NVrWNvdyFr7TuooRVWsp7Hv3' ]
[ 'http://btc.blockr.io/api/v1/address/info/198aMn6ZYAczwrE5NvNTUMyJ5qkfy4g3Hi,1KME4EZZhybYnQkoNUqzMjHE5ER8fzRax8,1FactomGnNFTsTVx8jiGjcLKDpyL65GDsH,1NodJ53hw6m8w2wDcBeZJfKHaCXoB76GmA,1NoddZZp9wkcPBREr8CNUJ9DEcsbacnXkU,1NodWq6bG9W7Zf7ztW9Ca9gopFRcowBwRK,1Nod82VkxCAkqiTWiyLnS6uGTEn4Xg5RnU,1NodJtpTR6NvMdiMaVr5ENcyZ2Eqjis43a,1NodE4Hr3janaWG3whdmX1AixnBoyvk7qT,1K842eE27LLA21tqjzGxXCQfdQwT9eCgwS,14WGHfRDK7yTdATBaqbYjBxAhXStqdrMh1,16GmLHt7H7bDrJT6e1JQKxpRE5PFGMkBWB,1NodWgdehE12ByaLTCepvspMNfsV41vxGb,1NodCvQHzfF7XXMbCKDdQCAgD2AKeDtgbQ,1NodoSopGpMAHCL8PVyYJNvFZt6gebV2uo,1NodSiBB9UEHcRjD1JNT4MaTg6KWoXuTFC,1NodV64xtcC3tqAZYsWYTWeT9rXZAesEZ4,1NodYrdE2LX7ZVphgC73cqzFiUqg8An3SX,1NodRcdTANTdm99k6NZ4e3WuoVHugma4jV,1NodZ5BaFjrGTysCwWf5Mb8N6JaX5UbJew,1NodjcDZMXsnDkSQJVSnpD5ss35VdN19A8,1NodmYPjk9zfcZ8qdTKC12Cgs3jT3Tcpjq,1NodfEPN9UB6fr1vX9Pq1fb2pDjRBirCyg,1NodU6Q9KmGr93ESzoKBFgVeU4oDnshd2t,1Nodv7kUtMKgWy7iC3RbA7XaUTf9jhNbxF,1NodxdmUs2NVrWNvdyFr7TuooRVWsp7Hv3' ]
null
1476796956633
1476796956664
{ '198aMn6ZYAczwrE5NvNTUMyJ5qkfy4g3Hi': 8000.00236957,
  '1KME4EZZhybYnQkoNUqzMjHE5ER8fzRax8': 50,
  '1FactomGnNFTsTVx8jiGjcLKDpyL65GDsH': 31.99443399,
  '1NodJ53hw6m8w2wDcBeZJfKHaCXoB76GmA': 0,
  '1NoddZZp9wkcPBREr8CNUJ9DEcsbacnXkU': 0,
  '1NodWq6bG9W7Zf7ztW9Ca9gopFRcowBwRK': 0,
  '1Nod82VkxCAkqiTWiyLnS6uGTEn4Xg5RnU': 0,
  '1NodJtpTR6NvMdiMaVr5ENcyZ2Eqjis43a': 0,
  '1NodE4Hr3janaWG3whdmX1AixnBoyvk7qT': 0,
  '1K842eE27LLA21tqjzGxXCQfdQwT9eCgwS': 0.02243629,
  '14WGHfRDK7yTdATBaqbYjBxAhXStqdrMh1': 12.34732644,
  '16GmLHt7H7bDrJT6e1JQKxpRE5PFGMkBWB': 0.01008925,
  '1NodWgdehE12ByaLTCepvspMNfsV41vxGb': 0,
  '1NodCvQHzfF7XXMbCKDdQCAgD2AKeDtgbQ': 0,
  '1NodoSopGpMAHCL8PVyYJNvFZt6gebV2uo': 0,
  '1NodSiBB9UEHcRjD1JNT4MaTg6KWoXuTFC': 0,
  '1NodV64xtcC3tqAZYsWYTWeT9rXZAesEZ4': 0,
  '1NodYrdE2LX7ZVphgC73cqzFiUqg8An3SX': 0,
  '1NodRcdTANTdm99k6NZ4e3WuoVHugma4jV': 0,
  '1NodZ5BaFjrGTysCwWf5Mb8N6JaX5UbJew': 0,
  '1NodjcDZMXsnDkSQJVSnpD5ss35VdN19A8': 0,
  '1NodmYPjk9zfcZ8qdTKC12Cgs3jT3Tcpjq': 0,
  '1NodfEPN9UB6fr1vX9Pq1fb2pDjRBirCyg': 0,
  '1NodU6Q9KmGr93ESzoKBFgVeU4oDnshd2t': 0,
  '1Nodv7kUtMKgWy7iC3RbA7XaUTf9jhNbxF': 0,
  '1NodxdmUs2NVrWNvdyFr7TuooRVWsp7Hv3': 0 }
[ '198aMn6ZYAczwrE5NvNTUMyJ5qkfy4g3Hi',
  '1KME4EZZhybYnQkoNUqzMjHE5ER8fzRax8',
  '1FactomGnNFTsTVx8jiGjcLKDpyL65GDsH',
  '1NodJ53hw6m8w2wDcBeZJfKHaCXoB76GmA',
  '1NoddZZp9wkcPBREr8CNUJ9DEcsbacnXkU',
  '1NodWq6bG9W7Zf7ztW9Ca9gopFRcowBwRK',
  '1Nod82VkxCAkqiTWiyLnS6uGTEn4Xg5RnU',
  '1NodJtpTR6NvMdiMaVr5ENcyZ2Eqjis43a',
  '1NodE4Hr3janaWG3whdmX1AixnBoyvk7qT',
  '1K842eE27LLA21tqjzGxXCQfdQwT9eCgwS',
  '14WGHfRDK7yTdATBaqbYjBxAhXStqdrMh1',
  '16GmLHt7H7bDrJT6e1JQKxpRE5PFGMkBWB',
  '1NodWgdehE12ByaLTCepvspMNfsV41vxGb',
  '1NodCvQHzfF7XXMbCKDdQCAgD2AKeDtgbQ',
  '1NodoSopGpMAHCL8PVyYJNvFZt6gebV2uo',
  '1NodSiBB9UEHcRjD1JNT4MaTg6KWoXuTFC',
  '1NodV64xtcC3tqAZYsWYTWeT9rXZAesEZ4',
  '1NodYrdE2LX7ZVphgC73cqzFiUqg8An3SX',
  '1NodRcdTANTdm99k6NZ4e3WuoVHugma4jV',
  '1NodZ5BaFjrGTysCwWf5Mb8N6JaX5UbJew',
  '1NodjcDZMXsnDkSQJVSnpD5ss35VdN19A8',
  '1NodmYPjk9zfcZ8qdTKC12Cgs3jT3Tcpjq',
  '1NodfEPN9UB6fr1vX9Pq1fb2pDjRBirCyg',
  '1NodU6Q9KmGr93ESzoKBFgVeU4oDnshd2t',
  '1Nodv7kUtMKgWy7iC3RbA7XaUTf9jhNbxF',
  '1NodxdmUs2NVrWNvdyFr7TuooRVWsp7Hv3' ]
[ 'http://btc.blockr.io/api/v1/address/info/198aMn6ZYAczwrE5NvNTUMyJ5qkfy4g3Hi,1KME4EZZhybYnQkoNUqzMjHE5ER8fzRax8,1FactomGnNFTsTVx8jiGjcLKDpyL65GDsH,1NodJ53hw6m8w2wDcBeZJfKHaCXoB76GmA,1NoddZZp9wkcPBREr8CNUJ9DEcsbacnXkU,1NodWq6bG9W7Zf7ztW9Ca9gopFRcowBwRK,1Nod82VkxCAkqiTWiyLnS6uGTEn4Xg5RnU,1NodJtpTR6NvMdiMaVr5ENcyZ2Eqjis43a,1NodE4Hr3janaWG3whdmX1AixnBoyvk7qT,1K842eE27LLA21tqjzGxXCQfdQwT9eCgwS,14WGHfRDK7yTdATBaqbYjBxAhXStqdrMh1,16GmLHt7H7bDrJT6e1JQKxpRE5PFGMkBWB,1NodWgdehE12ByaLTCepvspMNfsV41vxGb,1NodCvQHzfF7XXMbCKDdQCAgD2AKeDtgbQ,1NodoSopGpMAHCL8PVyYJNvFZt6gebV2uo,1NodSiBB9UEHcRjD1JNT4MaTg6KWoXuTFC,1NodV64xtcC3tqAZYsWYTWeT9rXZAesEZ4,1NodYrdE2LX7ZVphgC73cqzFiUqg8An3SX,1NodRcdTANTdm99k6NZ4e3WuoVHugma4jV,1NodZ5BaFjrGTysCwWf5Mb8N6JaX5UbJew,1NodjcDZMXsnDkSQJVSnpD5ss35VdN19A8,1NodmYPjk9zfcZ8qdTKC12Cgs3jT3Tcpjq,1NodfEPN9UB6fr1vX9Pq1fb2pDjRBirCyg,1NodU6Q9KmGr93ESzoKBFgVeU4oDnshd2t,1Nodv7kUtMKgWy7iC3RbA7XaUTf9jhNbxF,1NodxdmUs2NVrWNvdyFr7TuooRVWsp7Hv3' ]
null
1476797016628
1476797016669
{ '198aMn6ZYAczwrE5NvNTUMyJ5qkfy4g3Hi': 8000.00236957,
  '1KME4EZZhybYnQkoNUqzMjHE5ER8fzRax8': 50,
  '1FactomGnNFTsTVx8jiGjcLKDpyL65GDsH': 31.99443399,
  '1NodJ53hw6m8w2wDcBeZJfKHaCXoB76GmA': 0,
  '1NoddZZp9wkcPBREr8CNUJ9DEcsbacnXkU': 0,
  '1NodWq6bG9W7Zf7ztW9Ca9gopFRcowBwRK': 0,
  '1Nod82VkxCAkqiTWiyLnS6uGTEn4Xg5RnU': 0,
  '1NodJtpTR6NvMdiMaVr5ENcyZ2Eqjis43a': 0,
  '1NodE4Hr3janaWG3whdmX1AixnBoyvk7qT': 0,
  '1K842eE27LLA21tqjzGxXCQfdQwT9eCgwS': 0.02243629,
  '14WGHfRDK7yTdATBaqbYjBxAhXStqdrMh1': 12.34732644,
  '16GmLHt7H7bDrJT6e1JQKxpRE5PFGMkBWB': 0.01008925,
  '1NodWgdehE12ByaLTCepvspMNfsV41vxGb': 0,
  '1NodCvQHzfF7XXMbCKDdQCAgD2AKeDtgbQ': 0,
  '1NodoSopGpMAHCL8PVyYJNvFZt6gebV2uo': 0,
  '1NodSiBB9UEHcRjD1JNT4MaTg6KWoXuTFC': 0,
  '1NodV64xtcC3tqAZYsWYTWeT9rXZAesEZ4': 0,
  '1NodYrdE2LX7ZVphgC73cqzFiUqg8An3SX': 0,
  '1NodRcdTANTdm99k6NZ4e3WuoVHugma4jV': 0,
  '1NodZ5BaFjrGTysCwWf5Mb8N6JaX5UbJew': 0,
  '1NodjcDZMXsnDkSQJVSnpD5ss35VdN19A8': 0,
  '1NodmYPjk9zfcZ8qdTKC12Cgs3jT3Tcpjq': 0,
  '1NodfEPN9UB6fr1vX9Pq1fb2pDjRBirCyg': 0,
  '1NodU6Q9KmGr93ESzoKBFgVeU4oDnshd2t': 0,
  '1Nodv7kUtMKgWy7iC3RbA7XaUTf9jhNbxF': 0,
  '1NodxdmUs2NVrWNvdyFr7TuooRVWsp7Hv3': 0 }
[ '198aMn6ZYAczwrE5NvNTUMyJ5qkfy4g3Hi',
  '1KME4EZZhybYnQkoNUqzMjHE5ER8fzRax8',
  '1FactomGnNFTsTVx8jiGjcLKDpyL65GDsH',
  '1NodJ53hw6m8w2wDcBeZJfKHaCXoB76GmA',
  '1NoddZZp9wkcPBREr8CNUJ9DEcsbacnXkU',
  '1NodWq6bG9W7Zf7ztW9Ca9gopFRcowBwRK',
  '1Nod82VkxCAkqiTWiyLnS6uGTEn4Xg5RnU',
  '1NodJtpTR6NvMdiMaVr5ENcyZ2Eqjis43a',
  '1NodE4Hr3janaWG3whdmX1AixnBoyvk7qT',
  '1K842eE27LLA21tqjzGxXCQfdQwT9eCgwS',
  '14WGHfRDK7yTdATBaqbYjBxAhXStqdrMh1',
  '16GmLHt7H7bDrJT6e1JQKxpRE5PFGMkBWB',
  '1NodWgdehE12ByaLTCepvspMNfsV41vxGb',
  '1NodCvQHzfF7XXMbCKDdQCAgD2AKeDtgbQ',
  '1NodoSopGpMAHCL8PVyYJNvFZt6gebV2uo',
  '1NodSiBB9UEHcRjD1JNT4MaTg6KWoXuTFC',
  '1NodV64xtcC3tqAZYsWYTWeT9rXZAesEZ4',
  '1NodYrdE2LX7ZVphgC73cqzFiUqg8An3SX',
  '1NodRcdTANTdm99k6NZ4e3WuoVHugma4jV',
  '1NodZ5BaFjrGTysCwWf5Mb8N6JaX5UbJew',
  '1NodjcDZMXsnDkSQJVSnpD5ss35VdN19A8',
  '1NodmYPjk9zfcZ8qdTKC12Cgs3jT3Tcpjq',
  '1NodfEPN9UB6fr1vX9Pq1fb2pDjRBirCyg',
  '1NodU6Q9KmGr93ESzoKBFgVeU4oDnshd2t',
  '1Nodv7kUtMKgWy7iC3RbA7XaUTf9jhNbxF',
  '1NodxdmUs2NVrWNvdyFr7TuooRVWsp7Hv3' ]
[ 'http://btc.blockr.io/api/v1/address/info/198aMn6ZYAczwrE5NvNTUMyJ5qkfy4g3Hi,1KME4EZZhybYnQkoNUqzMjHE5ER8fzRax8,1FactomGnNFTsTVx8jiGjcLKDpyL65GDsH,1NodJ53hw6m8w2wDcBeZJfKHaCXoB76GmA,1NoddZZp9wkcPBREr8CNUJ9DEcsbacnXkU,1NodWq6bG9W7Zf7ztW9Ca9gopFRcowBwRK,1Nod82VkxCAkqiTWiyLnS6uGTEn4Xg5RnU,1NodJtpTR6NvMdiMaVr5ENcyZ2Eqjis43a,1NodE4Hr3janaWG3whdmX1AixnBoyvk7qT,1K842eE27LLA21tqjzGxXCQfdQwT9eCgwS,14WGHfRDK7yTdATBaqbYjBxAhXStqdrMh1,16GmLHt7H7bDrJT6e1JQKxpRE5PFGMkBWB,1NodWgdehE12ByaLTCepvspMNfsV41vxGb,1NodCvQHzfF7XXMbCKDdQCAgD2AKeDtgbQ,1NodoSopGpMAHCL8PVyYJNvFZt6gebV2uo,1NodSiBB9UEHcRjD1JNT4MaTg6KWoXuTFC,1NodV64xtcC3tqAZYsWYTWeT9rXZAesEZ4,1NodYrdE2LX7ZVphgC73cqzFiUqg8An3SX,1NodRcdTANTdm99k6NZ4e3WuoVHugma4jV,1NodZ5BaFjrGTysCwWf5Mb8N6JaX5UbJew,1NodjcDZMXsnDkSQJVSnpD5ss35VdN19A8,1NodmYPjk9zfcZ8qdTKC12Cgs3jT3Tcpjq,1NodfEPN9UB6fr1vX9Pq1fb2pDjRBirCyg,1NodU6Q9KmGr93ESzoKBFgVeU4oDnshd2t,1Nodv7kUtMKgWy7iC3RbA7XaUTf9jhNbxF,1NodxdmUs2NVrWNvdyFr7TuooRVWsp7Hv3' ]
null
